<?xml version="1.0" encoding="UTF-8"?>
<!-- Generated by org.testng.reporters.JUnitReportReporter -->
<testsuite skipped="4" hostname="manishrashmipc" name="com.qa.tests.BasePageTest" tests="5" failures="0" timestamp="23 Feb 2020 12:09:10 GMT" time="0.000" errors="1">
  <testcase name="baseTest1" time="0.000" classname="com.qa.tests.BasePageTest">
    <skipped/>
  </testcase> <!-- baseTest1 -->
  <testcase name="verifyHomePage" time="0.000" classname="com.qa.tests.BasePageTest">
    <skipped/>
  </testcase> <!-- verifyHomePage -->
  <testcase name="baseTest3" time="0.000" classname="com.qa.tests.BasePageTest">
    <skipped/>
  </testcase> <!-- baseTest3 -->
  <testcase name="baseTest2" time="0.000" classname="com.qa.tests.BasePageTest">
    <skipped/>
  </testcase> <!-- baseTest2 -->
  <testcase name="initializeTestBaseSetup" time="0.000" classname="com.qa.tests.BasePageTest">
    <error type="org.testng.TestNGException" message="
Parameter &#039;browserType&#039; is required by BeforeClass on method initializeTestBaseSetup but has not been marked @Optional or defined
in C:\Users\RASHMI\AppData\Local\Temp\testng-eclipse-946688530\testng-customsuite.xml">
      <![CDATA[org.testng.TestNGException: 
Parameter 'browserType' is required by BeforeClass on method initializeTestBaseSetup but has not been marked @Optional or defined
in C:\Users\RASHMI\AppData\Local\Temp\testng-eclipse-946688530\testng-customsuite.xml
at org.testng.internal.Parameters.createParams(Parameters.java:290)
at org.testng.internal.Parameters.createParametersForMethod(Parameters.java:359)
at org.testng.internal.Parameters.createParameters(Parameters.java:620)
at org.testng.internal.Parameters.createConfigurationParameters(Parameters.java:190)
at org.testng.internal.Invoker.invokeConfigurations(Invoker.java:209)
at org.testng.internal.Invoker.invokeConfigurations(Invoker.java:142)
at org.testng.internal.TestMethodWorker.invokeBeforeClassMethods(TestMethodWorker.java:168)
at org.testng.internal.TestMethodWorker.run(TestMethodWorker.java:105)
at org.testng.TestRunner.privateRun(TestRunner.java:648)
at org.testng.TestRunner.run(TestRunner.java:505)
at org.testng.SuiteRunner.runTest(SuiteRunner.java:455)
at org.testng.SuiteRunner.runSequentially(SuiteRunner.java:450)
at org.testng.SuiteRunner.privateRun(SuiteRunner.java:415)
at org.testng.SuiteRunner.run(SuiteRunner.java:364)
at org.testng.SuiteRunnerWorker.runSuite(SuiteRunnerWorker.java:52)
at org.testng.SuiteRunnerWorker.run(SuiteRunnerWorker.java:84)
at org.testng.TestNG.runSuitesSequentially(TestNG.java:1208)
at org.testng.TestNG.runSuitesLocally(TestNG.java:1137)
at org.testng.TestNG.runSuites(TestNG.java:1049)
at org.testng.TestNG.run(TestNG.java:1017)
at org.testng.remote.AbstractRemoteTestNG.run(AbstractRemoteTestNG.java:114)
at org.testng.remote.RemoteTestNG.initAndRun(RemoteTestNG.java:251)
at org.testng.remote.RemoteTestNG.main(RemoteTestNG.java:77)
]]>
    </error>
  </testcase> <!-- initializeTestBaseSetup -->
</testsuite> <!-- com.qa.tests.BasePageTest -->
